<?xml version="1.0" encoding="UTF-8"?>
<!-- Generated by org.testng.reporters.JUnitReportReporter -->
<testsuite hostname="LAPTOP-TKGHDD60" failures="0" tests="1" name="com.gcr.scripts.Login_Logout_Excel" time="18.912" errors="0" timestamp="2021-10-24T12:04:56 IST" skipped="0">
  <testcase classname="com.gcr.scripts.Login_Logout_Excel" name="Login_Logout_ExcelTestCase" time="18.912"/>
  <system-out/>
</testsuite> <!-- com.gcr.scripts.Login_Logout_Excel -->
