<?xml version="1.0" encoding="UTF-8"?>
<!-- Generated by org.testng.reporters.JUnitReportReporter -->
<testsuite skipped="0" hostname="DESKTOP-C9MVC75" name="com.gcr.config.StartBrowser" tests="1" failures="0" timestamp="2021-10-16T07:05:51 IST" time="4.055" errors="0">
  <testcase name="testabc" time="4.055" classname="com.gcr.config.StartBrowser"/>
  <system-out/>
</testsuite> <!-- com.gcr.config.StartBrowser -->
